<?xml version="1.0" encoding="UTF-8"?>
<testng-results skipped="0" failed="1" ignored="0" total="2" passed="1">
  <reporter-output>
  </reporter-output>
  <suite name="Default suite" duration-ms="8960" started-at="2020-04-22T20:15:20Z" finished-at="2020-04-22T20:15:29Z">
    <groups>
    </groups>
    <test name="Default test" duration-ms="8960" started-at="2020-04-22T20:15:20Z" finished-at="2020-04-22T20:15:29Z">
      <class name="reports.TestExtentReport">
        <test-method status="PASS" signature="setup()[pri:0, instance:reports.TestExtentReport@482f8f11]" name="setup" is-config="true" duration-ms="223" started-at="2020-04-22T22:15:20Z" finished-at="2020-04-22T22:15:20Z">
          <reporter-output>
          </reporter-output>
        </test-method> <!-- setup -->
        <test-method status="PASS" signature="beforeTest()[pri:0, instance:reports.TestExtentReport@482f8f11]" name="beforeTest" is-config="true" duration-ms="6323" started-at="2020-04-22T22:15:20Z" finished-at="2020-04-22T22:15:27Z">
          <reporter-output>
          </reporter-output>
        </test-method> <!-- beforeTest -->
        <test-method status="FAIL" signature="loginTestFail()[pri:0, instance:reports.TestExtentReport@482f8f11]" name="loginTestFail" duration-ms="1264" started-at="2020-04-22T22:15:27Z" finished-at="2020-04-22T22:15:28Z">
          <exception class="java.lang.AssertionError">
            <message>
              <![CDATA[expected [true] but found [false]]]>
            </message>
            <full-stacktrace>
              <![CDATA[java.lang.AssertionError: expected [true] but found [false]
	at org.testng.Assert.fail(Assert.java:94)
	at org.testng.Assert.failNotEquals(Assert.java:513)
	at org.testng.Assert.assertTrue(Assert.java:42)
	at org.testng.Assert.assertTrue(Assert.java:52)
	at reports.TestExtentReport.loginTestFail(TestExtentReport.java:67)
	at sun.reflect.NativeMethodAccessorImpl.invoke0(Native Method)
	at sun.reflect.NativeMethodAccessorImpl.invoke(NativeMethodAccessorImpl.java:62)
	at sun.reflect.DelegatingMethodAccessorImpl.invoke(DelegatingMethodAccessorImpl.java:43)
	at java.lang.reflect.Method.invoke(Method.java:498)
	at org.testng.internal.MethodInvocationHelper.invokeMethod(MethodInvocationHelper.java:104)
	at org.testng.internal.Invoker.invokeMethod(Invoker.java:645)
	at org.testng.internal.Invoker.invokeTestMethod(Invoker.java:851)
	at org.testng.internal.Invoker.invokeTestMethods(Invoker.java:1177)
	at org.testng.internal.TestMethodWorker.invokeTestMethods(TestMethodWorker.java:129)
	at org.testng.internal.TestMethodWorker.run(TestMethodWorker.java:112)
	at org.testng.TestRunner.privateRun(TestRunner.java:756)
	at org.testng.TestRunner.run(TestRunner.java:610)
	at org.testng.SuiteRunner.runTest(SuiteRunner.java:387)
	at org.testng.SuiteRunner.runSequentially(SuiteRunner.java:382)
	at org.testng.SuiteRunner.privateRun(SuiteRunner.java:340)
	at org.testng.SuiteRunner.run(SuiteRunner.java:289)
	at org.testng.SuiteRunnerWorker.runSuite(SuiteRunnerWorker.java:52)
	at org.testng.SuiteRunnerWorker.run(SuiteRunnerWorker.java:86)
	at org.testng.TestNG.runSuitesSequentially(TestNG.java:1293)
	at org.testng.TestNG.runSuitesLocally(TestNG.java:1218)
	at org.testng.TestNG.runSuites(TestNG.java:1133)
	at org.testng.TestNG.run(TestNG.java:1104)
	at org.testng.remote.AbstractRemoteTestNG.run(AbstractRemoteTestNG.java:132)
	at org.testng.remote.RemoteTestNG.initAndRun(RemoteTestNG.java:230)
	at org.testng.remote.RemoteTestNG.main(RemoteTestNG.java:76)
]]>
            </full-stacktrace>
          </exception> <!-- java.lang.AssertionError -->
          <reporter-output>
          </reporter-output>
        </test-method> <!-- loginTestFail -->
        <test-method status="PASS" signature="tearDown(org.testng.ITestResult)[pri:0, instance:reports.TestExtentReport@482f8f11]" name="tearDown" is-config="true" duration-ms="378" started-at="2020-04-22T22:15:28Z" finished-at="2020-04-22T22:15:28Z">
          <params>
            <param index="0">
              <value>
                <![CDATA[[TestResult name=loginTestFail status=FAILURE method=TestExtentReport.loginTestFail()[pri:0, instance:reports.TestExtentReport@482f8f11] output={null}]]]>
              </value>
            </param>
          </params>
          <reporter-output>
          </reporter-output>
        </test-method> <!-- tearDown -->
        <test-method status="PASS" signature="loginTestPass()[pri:0, instance:reports.TestExtentReport@482f8f11]" name="loginTestPass" duration-ms="645" started-at="2020-04-22T22:15:28Z" finished-at="2020-04-22T22:15:29Z">
          <reporter-output>
          </reporter-output>
        </test-method> <!-- loginTestPass -->
        <test-method status="PASS" signature="tearDown(org.testng.ITestResult)[pri:0, instance:reports.TestExtentReport@482f8f11]" name="tearDown" is-config="true" duration-ms="329" started-at="2020-04-22T22:15:29Z" finished-at="2020-04-22T22:15:29Z">
          <params>
            <param index="0">
              <value>
                <![CDATA[[TestResult name=loginTestPass status=SUCCESS method=TestExtentReport.loginTestPass()[pri:0, instance:reports.TestExtentReport@482f8f11] output={null}]]]>
              </value>
            </param>
          </params>
          <reporter-output>
          </reporter-output>
        </test-method> <!-- tearDown -->
        <test-method status="PASS" signature="afterTest()[pri:0, instance:reports.TestExtentReport@482f8f11]" name="afterTest" is-config="true" duration-ms="0" started-at="2020-04-22T22:15:29Z" finished-at="2020-04-22T22:15:29Z">
          <reporter-output>
          </reporter-output>
        </test-method> <!-- afterTest -->
        <test-method status="PASS" signature="tearDown()[pri:0, instance:reports.TestExtentReport@482f8f11]" name="tearDown" is-config="true" duration-ms="1263" started-at="2020-04-22T22:15:29Z" finished-at="2020-04-22T22:15:31Z">
          <reporter-output>
          </reporter-output>
        </test-method> <!-- tearDown -->
      </class> <!-- reports.TestExtentReport -->
    </test> <!-- Default test -->
  </suite> <!-- Default suite -->
</testng-results>
